<?xml version="1.0" encoding="UTF-8"?>
<testng-results ignored="0" total="1" passed="1" failed="0" skipped="0">
  <reporter-output>
  </reporter-output>
  <suite started-at="2021-10-25T14:31:16 IST" name="Default suite" finished-at="2021-10-25T14:31:26 IST" duration-ms="9314">
    <groups>
    </groups>
    <test started-at="2021-10-25T14:31:16 IST" name="Default test" finished-at="2021-10-25T14:31:26 IST" duration-ms="9314">
      <class name="testCases.TicketPage">
        <test-method signature="Login()[pri:0, instance:testCases.TicketPage@18ce0030]" started-at="2021-10-25T14:31:17 IST" name="Login" finished-at="2021-10-25T14:31:26 IST" duration-ms="9244" status="PASS">
          <reporter-output>
          </reporter-output>
        </test-method> <!-- Login -->
      </class> <!-- testCases.TicketPage -->
    </test> <!-- Default test -->
  </suite> <!-- Default suite -->
</testng-results>
